make all --print-data-base --no-builtin-variables --no-builtin-rules --question
# GNU Make 3.81
# Copyright (C) 2006  Free Software Foundation, Inc.
# This is free software; see the source for copying conditions.
# There is NO warranty; not even for MERCHANTABILITY or FITNESS FOR A
# PARTICULAR PURPOSE.

# This program built for i386-apple-darwin11.3.0
 
make: *** No rule to make target `push_swap.o', needed by `push_swap'.  Stop.


# Make data base, printed on Wed Jun  8 10:15:48 2022

# Variables

# environment
VSCODE_GIT_ASKPASS_MAIN = /Applications/Visual Studio Code.app/Contents/Resources/app/extensions/git/dist/askpass-main.js
# automatic
<D = $(patsubst %/,%,$(dir $<))
# automatic
?F = $(notdir $?)
# environment
ELECTRON_NO_ATTACH_CONSOLE = 1
# environment
VSCODE_LOG_NATIVE = false
# automatic
?D = $(patsubst %/,%,$(dir $?))
# automatic
@D = $(patsubst %/,%,$(dir $@))
# automatic
@F = $(notdir $@)
# makefile
CURDIR := /Users/mac/Desktop/42-project/my_push_swap
# makefile
SHELL = /bin/sh
# environment
VSCODE_NLS_CONFIG = {"locale":"en-us","availableLanguages":{},"_languagePackSupport":true}
# environment
_ = /usr/bin/make
# makefile (from `Makefile', line 1)
MAKEFILE_LIST :=  Makefile
# environment
VSCODE_VERBOSE_LOGGING = true
# environment
__CFBundleIdentifier = com.microsoft.VSCode
# environment
VSCODE_IPC_HOOK_EXTHOST = /var/folders/t9/13mvjs3n10l5mx6x47rj4b5h0000gn/T/vscode-ipc-08912116-451e-44b5-8889-bf95d8345b1e.sock
# environment
VSCODE_CWD = /Users/mac/Desktop/42-project
# makefile (from `Makefile', line 36)
BNS_NAME = checker
# environment
PATH = /Users/mac/.volta/bin:/usr/local/bin:/usr/bin:/bin:/usr/sbin:/sbin:/Applications/VMware Fusion.app/Contents/Public:/Library/Apple/usr/bin:/Users/mac/Developer/flutter/bin:/Users/mac/Documents/42-ValgrindContainer
# environment
LSCOLORS = Gxfxcxdxbxegedabagacad
# environment
LaunchInstanceID = DC0AE178-02B9-43EA-8476-C0F7810603A8
# environment
VSCODE_LOG_STACK = false
# environment
ELECTRON_RUN_AS_NODE = 1
# default
.FEATURES := target-specific order-only second-expansion else-if archives jobserver check-symlink
# environment
SSH_AUTH_SOCK = /private/tmp/com.apple.launchd.AWEoK8u7la/Listeners
# automatic
%F = $(notdir $%)
# environment
VSCODE_PIPE_LOGGING = true
# makefile (from `Makefile', line 26)
OBJS = $(SRCS:.c=.o)
# environment
PWD = /Users/mac/Desktop/42-project/my_push_swap
# environment
ORIGINAL_XDG_CURRENT_DESKTOP = undefined
# environment
VSCODE_AMD_ENTRYPOINT = vs/workbench/api/node/extensionHostProcess
# environment
 
HOME = /Users/mac
# default
MAKEFILEPATH := /Applications/Xcode.app/Contents/Developer/Makefiles
# environment
VSCODE_CLI = 1
# environment
VSCODE_CODE_CACHE_PATH = /Users/mac/Library/Application Support/Code/CachedData/c3511e6c69bb39013c4a4b7b9566ec1ca73fc4d5
# environment
LOGNAME = mac
# environment
APPLICATION_INSIGHTS_NO_DIAGNOSTIC_CHANNEL = 1
# environment
ZSH = /Users/mac/.oh-my-zsh
# environment
VSCODE_HANDLES_UNCAUGHT_ERRORS = true
# automatic
^D = $(patsubst %/,%,$(dir $^))
# environment
MAKELEVEL := 0
# environment
XPC_FLAGS = 0x0
# environment
COLORTERM = truecolor
# default
MAKE = $(MAKE_COMMAND)
# default
MAKECMDGOALS := all
# makefile (from `Makefile', line 13)
SRCS = push_swap.c ft_atoi.c list_functions.c operations.c validation.c quick_sort.c sort.c ft_split.c split_helper_functions.c helper_functions.c push_a_to_b.c push_b_to_a.c simul_operations.c sort_helper_functions.c split_join.c sort2.c  sort_4_nums.c
# environment
SHLVL = 3
# environment
VOLTA_HOME = /Users/mac/.volta
# makefile (from `Makefile', line 28)
BNS_OBJS = $(BNS_SRCS:.c=.o)
# makefile (from `Makefile', line 30)
CC = gcc -ggdb
# makefile (from `Makefile', line 32)
CLAFGS = -Wall -Werror -Wextra
# default
MAKE_VERSION := 3.81
# environment
USER = mac
# makefile
.DEFAULT_GOAL := all
# makefile (from `Makefile', line 34)
NAME = push_swap
# environment
LESS = -R
# automatic
%D = $(patsubst %/,%,$(dir $%))
# default
MAKE_COMMAND := /Applications/Xcode.app/Contents/Developer/usr/bin/make
# environment
VSCODE_GIT_ASKPASS_EXTRA_ARGS = --ms-enable-electron-run-as-node
# environment
TERM_PROGRAM = vscode
# default
.VARIABLES := 
# environment
TMPDIR = /var/folders/t9/13mvjs3n10l5mx6x47rj4b5h0000gn/T/
# automatic
*F = $(notdir $*)
# environment
VSCODE_IPC_HOOK = /Users/mac/Library/Application Support/Code/1.67.2-main.sock
# environment
VSCODE_GIT_ASKPASS_NODE = /Applications/Visual Studio Code.app/Contents/MacOS/Electron
# makefile
MAKEFLAGS = Rrqp
# environment
MFLAGS = -Rrqp
# automatic
*D = $(patsubst %/,%,$(dir $*))
# environment
TERM_PROGRAM_VERSION = 1.67.2
# environment
XPC_SERVICE_NAME = application.com.microsoft.VSCode.12898362989.12898362995.72FE85CE-17BD-476D-8D2B-715044CD371F
# automatic
+D = $(patsubst %/,%,$(dir $+))
# automatic
+F = $(notdir $+)
# environment
__CF_USER_TEXT_ENCODING = 0x1F5:0x0:0x0
# environment
COMMAND_MODE = unix2003
# environment
GIT_ASKPASS = /Applications/Visual Studio Code.app/Contents/Resources/app/extensions/git/dist/askpass.sh
# default
MAKEFILES := 
# automatic
<F = $(notdir $<)
# environment
PAGER = less
# environment
LC_ALL = C
# environment
SECURITYSESSIONID = 186a4
# automatic
^F = $(notdir $^)
# default
SUFFIXES := 
# makefile (from `Makefile', line 19)
BNS_SRCS = checker.c ft_atoi.c list_functions.c operations.c validation.c quick_sort.c sort.c ft_split.c split_helper_functions.c helper_functions.c push_a_to_b.c push_b_to_a.c simul_operations.c sort_helper_functions.c split_join.c get_next_line.c get_next_line_utils.c sort2.c sort_4_nums.c
# default
.INCLUDE_DIRS = /usr/local/include
# environment
VSCODE_GIT_IPC_HANDLE = /var/folders/t9/13mvjs3n10l5mx6x47rj4b5h0000gn/T/vscode-git-612a018660.sock
# environment
LANG = C
# environment
TERM = xterm-256color
# environment
VSCODE_PID = 429
# variable set hash-table stats:
# Load=88/1024=9%, Rehash=0, Collisions=7/120=6%

# Pattern-specific Variable Values

# No pattern-specific variable values.

# Directories

# . (device 16777220, inode 12898739306): 26 files, no impossibilities.

# 26 files, no impossibilities in 1 directories.

# Implicit Rules

# No implicit rules.

# Files

# Not a target:
sort_4_nums.o:
#  Implicit rule search has not been done.
 
#  Modification time never checked.
#  File has not been updated.

all: push_swap
#  Command-line target.
#  Implicit rule search has been done.
#  File does not exist.
#  File has not been updated.
# variable set hash-table stats:
# Load=0/32=0%, Rehash=0, Collisions=0/0=0%

# Not a target:
list_functions.o:
#  Implicit rule search has not been done.
#  Modification time never checked.
#  File has not been updated.

# Not a target:
ft_split.o:
#  Implicit rule search has not been done.
#  Modification time never checked.
#  File has not been updated.

# Not a target:
split_helper_functions.o:
#  Implicit rule search has not been done.
#  Modification time never checked.
#  File has not been updated.

# Not a target:
.SUFFIXES:
#  Implicit rule search has not been done.
#  Modification time never checked.
#  File has not been updated.

# Not a target:
Makefile:
#  Implicit rule search has been done.
#  Last modified 2022-05-31 16:45:50
#  File has been updated.
#  Successfully updated.
# variable set hash-table stats:
# Load=0/32=0%, Rehash=0, Collisions=0/0=0%

# Not a target:
push_a_to_b.o:
#  Implicit rule search has not been done.
#  Modification time never checked.
#  File has not been updated.

# Not a target:
sort.o:
#  Implicit rule search has not been done.
#  Modification time never checked.
#  File has not been updated.

# Not a target:
split_join.o:
#  Implicit rule search has not been done.
#  Modification time never checked.
#  File has not been updated.

# Not a target:
push_b_to_a.o:
#  Implicit rule search has not been done.
#  Modification time never checked.
#  File has not been updated.

bonus: checker
#  Implicit rule search has not been done.
#  Modification time never checked.
#  File has not been updated.

fclean: clean
#  Implicit rule search has not been done.
#  Modification time never checked.
#  File has not been updated.
#  commands to execute (from `Makefile', line 53):
	rm -rf $(NAME)
	rm -rf $(BNS_NAME)
	

# Not a target:
get_next_line_utils.o:
#  Implicit rule search has not been done.
#  Modification time never checked.
#  File has not been updated.

# Not a target:
.DEFAULT:
#  Implicit rule search has not been done.
#  Modification time never checked.
#  File has not been updated.

# Not a target:
simul_operations.o:
#  Implicit rule search has not been done.
#  Modification time never checked.
#  File has not been updated.

# Not a target:
checker.o:
#  Implicit rule search has not been done.
#  Modification time never checked.
#  File has not been updated.

checker: checker.o ft_atoi.o list_functions.o operations.o validation.o quick_sort.o sort.o ft_split.o split_helper_functions.o helper_functions.o push_a_to_b.o push_b_to_a.o simul_operations.o sort_helper_functions.o split_join.o get_next_line.o get_next_line_utils.o sort2.o sort_4_nums.o
#  Implicit rule search has not been done.
#  Modification time never checked.
#  File has not been updated.
#  commands to execute (from `Makefile', line 46):
	$(CC) $(CLAFGS) $(BNS_OBJS) -o $(BNS_NAME) 
	

re: fclean all
#  Implicit rule search has not been done.
#  Modification time never checked.
#  File has not been updated.

clean:
#  Implicit rule search has not been done.
#  Modification time never checked.
#  File has not been updated.
#  commands to execute (from `Makefile', line 49):
	rm -rf $(OBJS)
	rm -rf $(BNS_OBJS)
	

# Not a target:
validation.o:
#  Implicit rule search has not been done.
#  Modification time never checked.
#  File has not been updated.

# Not a target:
operations.o:
#  Implicit rule search has not been done.
#  Modification time never checked.
#  File has not been updated.

# Not a target:
sort_helper_functions.o:
#  Implicit rule search has not been done.
#  Modification time never checked.
#  File has not been updated.

# Not a target:
push_swap.o:
#  Implicit rule search has been done.
#  File does not exist.
#  File has not been updated.
# variable set hash-table stats:
# Load=0/32=0%, Rehash=0, Collisions=0/0=0%

push_swap: push_swap.o ft_atoi.o list_functions.o operations.o validation.o quick_sort.o sort.o ft_split.o split_helper_functions.o helper_functions.o push_a_to_b.o push_b_to_a.o simul_operations.o sort_helper_functions.o split_join.o sort2.o sort_4_nums.o
#  Implicit rule search has not been done.
#  File does not exist.
#  File has not been updated.
# variable set hash-table stats:
# Load=0/32=0%, Rehash=0, Collisions=0/0=0%
#  commands to execute (from `Makefile', line 41):
	$(CC) $(CLAFGS) $(OBJS) -o $(NAME) 
	

# Not a target:
helper_functions.o:
#  Implicit rule search has not been done.
#  Modification time never checked.
#  File has not been updated.

# Not a target:
sort2.o:
#  Implicit rule search has not been done.
#  Modification time never checked.
#  File has not been updated.

# Not a target:
ft_atoi.o:
#  Implicit rule search has not been done.
#  Modification time never checked.
#  File has not been updated.

# Not a target:
get_next_line.o:
#  Implicit rule search has not been done.
#  Modification time never checked.
#  File has not been updated.

# Not a target:
quick_sort.o:
#  Implicit rule search has not been done.
#  Modification time never checked.
#  File has not been updated.

# files hash-table stats:
# Load=30/1024=3%, Rehash=0, Collisions=3/84=4%
# VPATH Search Paths

# No `vpath' search paths.

# No general (`VPATH' variable) search path.

# # of strings in strcache: 1
# # of strcache buffers: 1
# strcache size: total = 4096 / max = 4096 / min = 4096 / avg = 4096
# strcache free: total = 4087 / max = 4087 / min = 4087 / avg = 4087

# Finished Make data base on Wed Jun  8 10:15:48 2022

 
